# JRE version: OpenJDK Runtime Environment (7.0_51) (build 1.7.0_51-b00)
# Java VM: OpenJDK Server VM (24.45-b08 mixed mode linux-x86 )
Heap
 PSYoungGen      total 89088K, used 16182K [0x9dd80000, 0xa5240000, 0xb3300000)
  eden space 63232K, 23% used [0x9dd80000,0x9ebb9fc8,0xa1b40000)
  from space 25856K, 6% used [0xa3900000,0xa3a938a8,0xa5240000)
  to   space 28160K, 0% used [0xa1b40000,0xa1b40000,0xa36c0000)
 ParOldGen       total 49664K, used 6120K [0x73300000, 0x76380000, 0x9dd80000)
  object space 49664K, 12% used [0x73300000,0x738fa250,0x76380000)
 PSPermGen       total 16384K, used 5229K [0x6b300000, 0x6c300000, 0x73300000)
  object space 16384K, 31% used [0x6b300000,0x6b81b440,0x6c300000)
GC Heap History (10 events):
Event: 3.219 GC heap before
{Heap before GC invocations=6 (full 1):
 PSYoungGen      total 31744K, used 31744K [0x9dd80000, 0xa0380000, 0xb3300000)
  eden space 29184K, 100% used [0x9dd80000,0x9fa00000,0x9fa00000)
  from space 2560K, 100% used [0xa0100000,0xa0380000,0xa0380000)
  to   space 2560K, 0% used [0x9fe80000,0x9fe80000,0xa0100000)
 ParOldGen       total 70144K, used 40772K [0x73300000, 0x77780000, 0x9dd80000)
  object space 70144K, 58% used [0x73300000,0x75ad1338,0x77780000)
 PSPermGen       total 16384K, used 4574K [0x6b300000, 0x6c300000, 0x73300000)
  object space 16384K, 27% used [0x6b300000,0x6b777b48,0x6c300000)
Event: 3.224 GC heap after
Heap after GC invocations=6 (full 1):
 PSYoungGen      total 36352K, used 2546K [0x9dd80000, 0xa3200000, 0xb3300000)
  eden space 33792K, 0% used [0x9dd80000,0x9dd80000,0x9fe80000)
  from space 2560K, 99% used [0x9fe80000,0xa00fc8d0,0xa0100000)
  to   space 18944K, 0% used [0xa1f80000,0xa1f80000,0xa3200000)
 ParOldGen       total 70144K, used 46821K [0x73300000, 0x77780000, 0x9dd80000)
  object space 70144K, 66% used [0x73300000,0x760b94e0,0x77780000)
 PSPermGen       total 16384K, used 4574K [0x6b300000, 0x6c300000, 0x73300000)
  object space 16384K, 27% used [0x6b300000,0x6b777b48,0x6c300000)
}
Event: 3.489 GC heap before
{Heap before GC invocations=7 (full 1):
 PSYoungGen      total 36352K, used 36338K [0x9dd80000, 0xa3200000, 0xb3300000)
  eden space 33792K, 100% used [0x9dd80000,0x9fe80000,0x9fe80000)
  from space 2560K, 99% used [0x9fe80000,0xa00fc8d0,0xa0100000)
  to   space 18944K, 0% used [0xa1f80000,0xa1f80000,0xa3200000)
 ParOldGen       total 70144K, used 46821K [0x73300000, 0x77780000, 0x9dd80000)
  object space 70144K, 66% used [0x73300000,0x760b94e0,0x77780000)
 PSPermGen       total 16384K, used 4575K [0x6b300000, 0x6c300000, 0x73300000)
  object space 16384K, 27% used [0x6b300000,0x6b777e40,0x6c300000)
Event: 3.502 GC heap after
Heap after GC invocations=7 (full 1):
 PSYoungGen      total 59648K, used 18928K [0x9dd80000, 0xa47c0000, 0xb3300000)
  eden space 40704K, 0% used [0x9dd80000,0x9dd80000,0xa0540000)
  from space 18944K, 99% used [0xa1f80000,0xa31fc3b0,0xa3200000)
  to   space 26880K, 0% used [0xa0540000,0xa0540000,0xa1f80000)
 ParOldGen       total 70144K, used 55485K [0x73300000, 0x77780000, 0x9dd80000)
  object space 70144K, 79% used [0x73300000,0x7692f4e0,0x77780000)
 PSPermGen       total 16384K, used 4575K [0x6b300000, 0x6c300000, 0x73300000)
  object space 16384K, 27% used [0x6b300000,0x6b777e40,0x6c300000)
}
Event: 3.502 GC heap before
{Heap before GC invocations=8 (full 2):
 PSYoungGen      total 59648K, used 18928K [0x9dd80000, 0xa47c0000, 0xb3300000)
  eden space 40704K, 0% used [0x9dd80000,0x9dd80000,0xa0540000)
  from space 18944K, 99% used [0xa1f80000,0xa31fc3b0,0xa3200000)
  to   space 26880K, 0% used [0xa0540000,0xa0540000,0xa1f80000)
 ParOldGen       total 70144K, used 55485K [0x73300000, 0x77780000, 0x9dd80000)
  object space 70144K, 79% used [0x73300000,0x7692f4e0,0x77780000)
 PSPermGen       total 16384K, used 4575K [0x6b300000, 0x6c300000, 0x73300000)
  object space 16384K, 27% used [0x6b300000,0x6b777e40,0x6c300000)
Event: 3.521 GC heap after
Heap after GC invocations=8 (full 2):
 PSYoungGen      total 59648K, used 0K [0x9dd80000, 0xa47c0000, 0xb3300000)
  eden space 40704K, 0% used [0x9dd80000,0x9dd80000,0xa0540000)
  from space 18944K, 0% used [0xa1f80000,0xa1f80000,0xa3200000)
  to   space 26880K, 0% used [0xa0540000,0xa0540000,0xa1f80000)
 ParOldGen       total 49664K, used 6120K [0x73300000, 0x76380000, 0x9dd80000)
  object space 49664K, 12% used [0x73300000,0x738fa250,0x76380000)
 PSPermGen       total 16384K, used 4575K [0x6b300000, 0x6c300000, 0x73300000)
  object space 16384K, 27% used [0x6b300000,0x6b777e40,0x6c300000)
}
Event: 3.746 GC heap before
{Heap before GC invocations=9 (full 2):
 PSYoungGen      total 59648K, used 40704K [0x9dd80000, 0xa47c0000, 0xb3300000)
  eden space 40704K, 100% used [0x9dd80000,0xa0540000,0xa0540000)
  from space 18944K, 0% used [0xa1f80000,0xa1f80000,0xa3200000)
  to   space 26880K, 0% used [0xa0540000,0xa0540000,0xa1f80000)
 ParOldGen       total 49664K, used 6120K [0x73300000, 0x76380000, 0x9dd80000)
  object space 49664K, 12% used [0x73300000,0x738fa250,0x76380000)
 PSPermGen       total 16384K, used 4577K [0x6b300000, 0x6c300000, 0x73300000)
  object space 16384K, 27% used [0x6b300000,0x6b778788,0x6c300000)
Event: 3.748 GC heap after
Heap after GC invocations=9 (full 2):
 PSYoungGen      total 67584K, used 1919K [0x9dd80000, 0xa5400000, 0xb3300000)
  eden space 40704K, 0% used [0x9dd80000,0x9dd80000,0xa0540000)
  from space 26880K, 7% used [0xa0540000,0xa071fe40,0xa1f80000)
  to   space 27648K, 0% used [0xa3900000,0xa3900000,0xa5400000)
 ParOldGen       total 49664K, used 6120K [0x73300000, 0x76380000, 0x9dd80000)
  object space 49664K, 12% used [0x73300000,0x738fa250,0x76380000)
 PSPermGen       total 16384K, used 4577K [0x6b300000, 0x6c300000, 0x73300000)
  object space 16384K, 27% used [0x6b300000,0x6b778788,0x6c300000)
}
Event: 43.558 GC heap before
{Heap before GC invocations=10 (full 2):
 PSYoungGen      total 67584K, used 42623K [0x9dd80000, 0xa5400000, 0xb3300000)
  eden space 40704K, 100% used [0x9dd80000,0xa0540000,0xa0540000)
  from space 26880K, 7% used [0xa0540000,0xa071fe40,0xa1f80000)
  to   space 27648K, 0% used [0xa3900000,0xa3900000,0xa5400000)
 ParOldGen       total 49664K, used 6120K [0x73300000, 0x76380000, 0x9dd80000)
  object space 49664K, 12% used [0x73300000,0x738fa250,0x76380000)
 PSPermGen       total 16384K, used 5216K [0x6b300000, 0x6c300000, 0x73300000)
  object space 16384K, 31% used [0x6b300000,0x6b818058,0x6c300000)
Event: 43.561 GC heap after
Heap after GC invocations=10 (full 2):
 PSYoungGen      total 89088K, used 1614K [0x9dd80000, 0xa5240000, 0xb3300000)
  eden space 63232K, 0% used [0x9dd80000,0x9dd80000,0xa1b40000)
  from space 25856K, 6% used [0xa3900000,0xa3a938a8,0xa5240000)
  to   space 28160K, 0% used [0xa1b40000,0xa1b40000,0xa36c0000)
 ParOldGen       total 49664K, used 6120K [0x73300000, 0x76380000, 0x9dd80000)
  object space 49664K, 12% used [0x73300000,0x738fa250,0x76380000)
 PSPermGen       total 16384K, used 5216K [0x6b300000, 0x6c300000, 0x73300000)
  object space 16384K, 31% used [0x6b300000,0x6b818058,0x6c300000)
}

