# JRE version: OpenJDK Runtime Environment (7.0_51) (build 1.7.0_51-b00)
# Java VM: OpenJDK Server VM (24.45-b08 mixed mode linux-x86 )
Heap
 PSYoungGen      total 63488K, used 27304K [0x9dd80000, 0xa3e80000, 0xb3300000)
  eden space 30208K, 20% used [0x9dd80000,0x9e38afd0,0x9fb00000)
  from space 33280K, 63% used [0xa1e00000,0xa329f250,0xa3e80000)
  to   space 34560K, 0% used [0x9fb00000,0x9fb00000,0xa1cc0000)
 ParOldGen       total 77312K, used 49159K [0x73300000, 0x77e80000, 0x9dd80000)
  object space 77312K, 63% used [0x73300000,0x76301f40,0x77e80000)
 PSPermGen       total 16384K, used 5235K [0x6b300000, 0x6c300000, 0x73300000)
  object space 16384K, 31% used [0x6b300000,0x6b81cce8,0x6c300000)
GC Heap History (10 events):
Event: 1.023 GC heap before
{Heap before GC invocations=7 (full 1):
 PSYoungGen      total 30464K, used 30448K [0x9dd80000, 0xa1f40000, 0xb3300000)
  eden space 27904K, 100% used [0x9dd80000,0x9f8c0000,0x9f8c0000)
  from space 2560K, 99% used [0x9fe80000,0xa00fc010,0xa0100000)
  to   space 19712K, 0% used [0xa0c00000,0xa0c00000,0xa1f40000)
 ParOldGen       total 77312K, used 44359K [0x73300000, 0x77e80000, 0x9dd80000)
  object space 77312K, 57% used [0x73300000,0x75e51f40,0x77e80000)
 PSPermGen       total 16384K, used 4574K [0x6b300000, 0x6c300000, 0x73300000)
  object space 16384K, 27% used [0x6b300000,0x6b777b48,0x6c300000)
Event: 1.036 GC heap after
Heap after GC invocations=7 (full 1):
 PSYoungGen      total 41472K, used 19700K [0x9dd80000, 0xa3380000, 0xb3300000)
  eden space 21760K, 0% used [0x9dd80000,0x9dd80000,0x9f2c0000)
  from space 19712K, 99% used [0xa0c00000,0xa1f3d078,0xa1f40000)
  to   space 25856K, 0% used [0x9f2c0000,0x9f2c0000,0xa0c00000)
 ParOldGen       total 77312K, used 49159K [0x73300000, 0x77e80000, 0x9dd80000)
  object space 77312K, 63% used [0x73300000,0x76301f40,0x77e80000)
 PSPermGen       total 16384K, used 4574K [0x6b300000, 0x6c300000, 0x73300000)
  object space 16384K, 27% used [0x6b300000,0x6b777b48,0x6c300000)
}
Event: 1.164 GC heap before
{Heap before GC invocations=8 (full 1):
 PSYoungGen      total 41472K, used 41460K [0x9dd80000, 0xa3380000, 0xb3300000)
  eden space 21760K, 100% used [0x9dd80000,0x9f2c0000,0x9f2c0000)
  from space 19712K, 99% used [0xa0c00000,0xa1f3d078,0xa1f40000)
  to   space 25856K, 0% used [0x9f2c0000,0x9f2c0000,0xa0c00000)
 ParOldGen       total 77312K, used 49159K [0x73300000, 0x77e80000, 0x9dd80000)
  object space 77312K, 63% used [0x73300000,0x76301f40,0x77e80000)
 PSPermGen       total 16384K, used 4577K [0x6b300000, 0x6c300000, 0x73300000)
  object space 16384K, 27% used [0x6b300000,0x6b778788,0x6c300000)
Event: 1.176 GC heap after
Heap after GC invocations=8 (full 1):
 PSYoungGen      total 47616K, used 22826K [0x9dd80000, 0xa3180000, 0xb3300000)
  eden space 21760K, 0% used [0x9dd80000,0x9dd80000,0x9f2c0000)
  from space 25856K, 88% used [0x9f2c0000,0xa090a9f0,0xa0c00000)
  to   space 28928K, 0% used [0xa1540000,0xa1540000,0xa3180000)
 ParOldGen       total 77312K, used 49159K [0x73300000, 0x77e80000, 0x9dd80000)
  object space 77312K, 63% used [0x73300000,0x76301f40,0x77e80000)
 PSPermGen       total 16384K, used 4577K [0x6b300000, 0x6c300000, 0x73300000)
  object space 16384K, 27% used [0x6b300000,0x6b778788,0x6c300000)
}
Event: 1.329 GC heap before
{Heap before GC invocations=9 (full 1):
 PSYoungGen      total 47616K, used 44586K [0x9dd80000, 0xa3180000, 0xb3300000)
  eden space 21760K, 100% used [0x9dd80000,0x9f2c0000,0x9f2c0000)
  from space 25856K, 88% used [0x9f2c0000,0xa090a9f0,0xa0c00000)
  to   space 28928K, 0% used [0xa1540000,0xa1540000,0xa3180000)
 ParOldGen       total 77312K, used 49159K [0x73300000, 0x77e80000, 0x9dd80000)
  object space 77312K, 63% used [0x73300000,0x76301f40,0x77e80000)
 PSPermGen       total 16384K, used 4577K [0x6b300000, 0x6c300000, 0x73300000)
  object space 16384K, 27% used [0x6b300000,0x6b778788,0x6c300000)
Event: 1.340 GC heap after
Heap after GC invocations=9 (full 1):
 PSYoungGen      total 55296K, used 22772K [0x9dd80000, 0xa3480000, 0xb3300000)
  eden space 26368K, 0% used [0x9dd80000,0x9dd80000,0x9f740000)
  from space 28928K, 78% used [0xa1540000,0xa2b7d1a8,0xa3180000)
  to   space 30720K, 0% used [0x9f740000,0x9f740000,0xa1540000)
 ParOldGen       total 77312K, used 49159K [0x73300000, 0x77e80000, 0x9dd80000)
  object space 77312K, 63% used [0x73300000,0x76301f40,0x77e80000)
 PSPermGen       total 16384K, used 4577K [0x6b300000, 0x6c300000, 0x73300000)
  object space 16384K, 27% used [0x6b300000,0x6b778788,0x6c300000)
}
Event: 1.396 GC heap before
{Heap before GC invocations=10 (full 1):
 PSYoungGen      total 55296K, used 49140K [0x9dd80000, 0xa3480000, 0xb3300000)
  eden space 26368K, 100% used [0x9dd80000,0x9f740000,0x9f740000)
  from space 28928K, 78% used [0xa1540000,0xa2b7d1a8,0xa3180000)
  to   space 30720K, 0% used [0x9f740000,0x9f740000,0xa1540000)
 ParOldGen       total 77312K, used 49159K [0x73300000, 0x77e80000, 0x9dd80000)
  object space 77312K, 63% used [0x73300000,0x76301f40,0x77e80000)
 PSPermGen       total 16384K, used 4588K [0x6b300000, 0x6c300000, 0x73300000)
  object space 16384K, 28% used [0x6b300000,0x6b77b0c8,0x6c300000)
Event: 1.407 GC heap after
Heap after GC invocations=10 (full 1):
 PSYoungGen      total 57088K, used 29732K [0x9dd80000, 0xa4000000, 0xb3300000)
  eden space 26368K, 0% used [0x9dd80000,0x9dd80000,0x9f740000)
  from space 30720K, 96% used [0x9f740000,0xa1449248,0xa1540000)
  to   space 34816K, 0% used [0xa1e00000,0xa1e00000,0xa4000000)
 ParOldGen       total 77312K, used 49159K [0x73300000, 0x77e80000, 0x9dd80000)
  object space 77312K, 63% used [0x73300000,0x76301f40,0x77e80000)
 PSPermGen       total 16384K, used 4588K [0x6b300000, 0x6c300000, 0x73300000)
  object space 16384K, 28% used [0x6b300000,0x6b77b0c8,0x6c300000)
}
Event: 24.433 GC heap before
{Heap before GC invocations=11 (full 1):
 PSYoungGen      total 57088K, used 56100K [0x9dd80000, 0xa4000000, 0xb3300000)
  eden space 26368K, 100% used [0x9dd80000,0x9f740000,0x9f740000)
  from space 30720K, 96% used [0x9f740000,0xa1449248,0xa1540000)
  to   space 34816K, 0% used [0xa1e00000,0xa1e00000,0xa4000000)
 ParOldGen       total 77312K, used 49159K [0x73300000, 0x77e80000, 0x9dd80000)
  object space 77312K, 63% used [0x73300000,0x76301f40,0x77e80000)
 PSPermGen       total 16384K, used 5224K [0x6b300000, 0x6c300000, 0x73300000)
  object space 16384K, 31% used [0x6b300000,0x6b81a010,0x6c300000)
Event: 24.445 GC heap after
Heap after GC invocations=11 (full 1):
 PSYoungGen      total 63488K, used 21116K [0x9dd80000, 0xa3e80000, 0xb3300000)
  eden space 30208K, 0% used [0x9dd80000,0x9dd80000,0x9fb00000)
  from space 33280K, 63% used [0xa1e00000,0xa329f250,0xa3e80000)
  to   space 34560K, 0% used [0x9fb00000,0x9fb00000,0xa1cc0000)
 ParOldGen       total 77312K, used 49159K [0x73300000, 0x77e80000, 0x9dd80000)
  object space 77312K, 63% used [0x73300000,0x76301f40,0x77e80000)
 PSPermGen       total 16384K, used 5224K [0x6b300000, 0x6c300000, 0x73300000)
  object space 16384K, 31% used [0x6b300000,0x6b81a010,0x6c300000)
}

